#
# A fatal error has been detected by the Java Runtime Environment:
#
#  Internal Error (t:/workspace/open/src/hotspot/share/oops/generateOopMap.cpp:2162), pid=22952, tid=18372
#  fatal error: Illegal class file encountered. Try running with -Xverify:all in method main
#
# JRE version: Java(TM) SE Runtime Environment (10.0.1+10) (build 10.0.1+10)
# Java VM: Java HotSpot(TM) 64-Bit Server VM (10.0.1+10, mixed mode, tiered, compressed oops, g1 gc, windows-amd64)
# No core dump will be written. Minidumps are not enabled by default on client versions of Windows
#
# If you would like to submit a bug report, please visit:
#   http://bugreport.java.com/bugreport/crash.jsp
#

---------------  S U M M A R Y ------------

Command Line: -agentlib:jdwp=transport=dt_socket,suspend=y,address=localhost:57444 -Dfile.encoding=Cp1252 triall.xml

Host: Intel(R) Core(TM) i5-7200U CPU @ 2.50GHz, 4 cores, 7G,  Windows 10 , 64 bit Build 16299 (10.0.16299.15)
Time: Mon May 14 21:55:21 2018 Central European Daylight Time elapsed time: 6687 seconds (0d 1h 51m 27s)

---------------  T H R E A D  ---------------

Current thread (0x000001d8f5497800):  GCTaskThread "GC Thread#1" [stack: 0x000000664d300000,0x000000664d400000] [id=18372]

Stack: [0x000000664d300000,0x000000664d400000]
[error occurred during error reporting (printing stack bounds), id 0xe0000000]

Native frames: (J=compiled Java code, j=interpreted, Vv=VM code, C=native code)
V  [jvm.dll+0x5a0369]
V  [jvm.dll+0x6bcf81]
V  [jvm.dll+0x6be176]
V  [jvm.dll+0x6be765]
V  [jvm.dll+0x6be71b]
V  [jvm.dll+0x59fb63]
V  [jvm.dll+0x59ff68]
C  [ntdll.dll+0xa50bd]
C  [ntdll.dll+0x1d278]
C  [ntdll.dll+0xa3fee]
C  0x000001d880000ead

JavaThread 0x000001d8f547f000 (nid = 14696) was being processed
Java frames: (J=compiled Java code, j=interpreted, Vv=VM code)
j  triall.xml.main([Ljava/lang/String;)V+12007
v  ~StubRoutines::call_stub

---------------  P R O C E S S  ---------------

Threads class SMR info:
_java_thread_list=0x000001d893fb6280, length=15, elements={
0x000001d8f547f000, 0x000001d8ffc54800, 0x000001d8ffc61000, 0x000001d8ffc77800,
0x000001d8ffc79800, 0x000001d8ffc84800, 0x000001d8ffc8b800, 0x000001d8937a0800,
0x000001d8937cd000, 0x000001d893981000, 0x000001d893983800, 0x000001d893984800,
0x000001d89398e800, 0x000001d89399b800, 0x000001d893f93800
}

Java Threads: ( => current thread )
  0x000001d8f547f000 JavaThread "main" [_thread_blocked, id=14696, stack(0x000000664d100000,0x000000664d200000)]
  0x000001d8ffc54800 JavaThread "Reference Handler" daemon [_thread_blocked, id=21888, stack(0x000000664de00000,0x000000664df00000)]
  0x000001d8ffc61000 JavaThread "Finalizer" daemon [_thread_blocked, id=12780, stack(0x000000664df00000,0x000000664e000000)]
  0x000001d8ffc77800 JavaThread "Signal Dispatcher" daemon [_thread_blocked, id=23636, stack(0x000000664e100000,0x000000664e200000)]
  0x000001d8ffc79800 JavaThread "Attach Listener" daemon [_thread_blocked, id=20672, stack(0x000000664e200000,0x000000664e300000)]
  0x000001d8ffc84800 JavaThread "C2 CompilerThread0" daemon [_thread_blocked, id=20968, stack(0x000000664e300000,0x000000664e400000)]
  0x000001d8ffc8b800 JavaThread "C2 CompilerThread1" daemon [_thread_blocked, id=1584, stack(0x000000664e400000,0x000000664e500000)]
  0x000001d8937a0800 JavaThread "C1 CompilerThread2" daemon [_thread_blocked, id=18548, stack(0x000000664e500000,0x000000664e600000)]
  0x000001d8937cd000 JavaThread "Sweeper thread" daemon [_thread_blocked, id=3008, stack(0x000000664e600000,0x000000664e700000)]
  0x000001d893981000 JavaThread "JDWP Transport Listener: dt_socket" daemon [_thread_blocked, id=15080, stack(0x000000664e700000,0x000000664e800000)]
  0x000001d893983800 JavaThread "JDWP Event Helper Thread" daemon [_thread_blocked, id=15952, stack(0x000000664e800000,0x000000664e900000)]
  0x000001d893984800 JavaThread "JDWP Command Reader" daemon [_thread_in_native, id=6432, stack(0x000000664e900000,0x000000664ea00000)]
  0x000001d89398e800 JavaThread "Service Thread" daemon [_thread_blocked, id=10540, stack(0x000000664ea00000,0x000000664eb00000)]
  0x000001d89399b800 JavaThread "Common-Cleaner" daemon [_thread_blocked, id=3992, stack(0x000000664eb00000,0x000000664ec00000)]
  0x000001d893f93800 JavaThread "Abandoned connection cleanup thread" daemon [_thread_blocked, id=19096, stack(0x000000664ed00000,0x000000664ee00000)]

Other Threads:
  0x000001d8ffc50800 VMThread "VM Thread" [stack: 0x000000664dd00000,0x000000664de00000] [id=15452]
  0x000001d8939a4000 WatcherThread [stack: 0x000000664ec00000,0x000000664ed00000] [id=19880]
  0x000001d8f5496000 GCTaskThread "GC Thread#0" [stack: 0x000000664d200000,0x000000664d300000] [id=8592]
=>0x000001d8f5497800 GCTaskThread "GC Thread#1" [stack: 0x000000664d300000,0x000000664d400000] [id=18372]
  0x000001d8f5499000 GCTaskThread "GC Thread#2" [stack: 0x000000664d400000,0x000000664d500000] [id=20676]
  0x000001d8f549b800 GCTaskThread "GC Thread#3" [stack: 0x000000664d500000,0x000000664d600000] [id=19520]
  0x000001d8f5514000 ConcurrentGCThread "G1 Main Marker" [stack: 0x000000664d600000,0x000000664d700000] [id=5484]
  0x000001d8f5517800 ConcurrentGCThread "G1 Conc#0" [stack: 0x000000664d700000,0x000000664d800000] [id=6028]
  0x000001d8f555e000 ConcurrentGCThread "G1 Refine#0" [stack: 0x000000664d800000,0x000000664d900000] [id=3400]
  0x000001d8ffad9800 ConcurrentGCThread "G1 Refine#1" [stack: 0x000000664d900000,0x000000664da00000] [id=2408]
  0x000001d8ffada800 ConcurrentGCThread "G1 Refine#2" [stack: 0x000000664da00000,0x000000664db00000] [id=16828]
  0x000001d8ffadb800 ConcurrentGCThread "G1 Refine#3" [stack: 0x000000664db00000,0x000000664dc00000] [id=7428]
  0x000001d8ffadf800 ConcurrentGCThread "G1 Young RemSet Sampling" [stack: 0x000000664dc00000,0x000000664dd00000] [id=12752]

Threads with active compile tasks:

VM state:at safepoint (normal execution)

VM Mutex/Monitor currently owned by a thread:  ([mutex/lock_event])
[0x000001d8f547d330] Threads_lock - owner thread: 0x000001d8ffc50800
[0x000001d8f547de70] Heap_lock - owner thread: 0x000001d893f93800

Heap address: 0x0000000082400000, size: 2012 MB, Compressed Oops mode: 32-bit
Narrow klass base: 0x0000000000000000, Narrow klass shift: 3
Compressed class space size: 1073741824 Address: 0x0000000100000000

Heap:
 garbage-first heap   total 129024K, used 14336K [0x0000000082400000, 0x0000000100000000)
  region size 1024K, 16 young (16384K), 2 survivors (2048K)
 Metaspace       used 13414K, capacity 13694K, committed 13824K, reserved 1062912K
  class space    used 1170K, capacity 1276K, committed 1280K, reserved 1048576K
Heap Regions: E=young(eden), S=young(survivor), O=old, HS=humongous(starts), HC=humongous(continues), CS=collection set, F=free, A=archive, TS=gc time stamp, AC=allocation context, TAMS=top-at-mark-start (previous, next)
|   0|0x0000000082400000, 0x0000000082500000, 0x0000000082500000|100%| O|  |TS  1|AC  0|TAMS 0x0000000082400000, 0x0000000082400000|
|   1|0x0000000082500000, 0x0000000082528988, 0x0000000082600000| 15%| O|  |TS  1|AC  0|TAMS 0x0000000082500000, 0x0000000082500000|
|   2|0x0000000082600000, 0x0000000082600000, 0x0000000082700000|  0%| F|  |TS  0|AC  0|TAMS 0x0000000082600000, 0x0000000082600000|
|   3|0x0000000082700000, 0x0000000082700000, 0x0000000082800000|  0%| F|  |TS  0|AC  0|TAMS 0x0000000082700000, 0x0000000082700000|
|   4|0x0000000082800000, 0x0000000082800000, 0x0000000082900000|  0%| F|  |TS  0|AC  0|TAMS 0x0000000082800000, 0x0000000082800000|
|   5|0x0000000082900000, 0x0000000082900000, 0x0000000082a00000|  0%| F|  |TS  0|AC  0|TAMS 0x0000000082900000, 0x0000000082900000|
|   6|0x0000000082a00000, 0x0000000082a00000, 0x0000000082b00000|  0%| F|  |TS  0|AC  0|TAMS 0x0000000082a00000, 0x0000000082a00000|
|   7|0x0000000082b00000, 0x0000000082b00000, 0x0000000082c00000|  0%| F|  |TS  0|AC  0|TAMS 0x0000000082b00000, 0x0000000082b00000|
|   8|0x0000000082c00000, 0x0000000082c00000, 0x0000000082d00000|  0%| F|  |TS  0|AC  0|TAMS 0x0000000082c00000, 0x0000000082c00000|
|   9|0x0000000082d00000, 0x0000000082d00000, 0x0000000082e00000|  0%| F|  |TS  0|AC  0|TAMS 0x0000000082d00000, 0x0000000082d00000|
|  10|0x0000000082e00000, 0x0000000082e00000, 0x0000000082f00000|  0%| F|  |TS  0|AC  0|TAMS 0x0000000082e00000, 0x0000000082e00000|
|  11|0x0000000082f00000, 0x0000000082f00000, 0x0000000083000000|  0%| F|  |TS  0|AC  0|TAMS 0x0000000082f00000, 0x0000000082f00000|
|  12|0x0000000083000000, 0x0000000083000000, 0x0000000083100000|  0%| F|  |TS  0|AC  0|TAMS 0x0000000083000000, 0x0000000083000000|
|  13|0x0000000083100000, 0x0000000083100000, 0x0000000083200000|  0%| F|  |TS  0|AC  0|TAMS 0x0000000083100000, 0x0000000083100000|
|  14|0x0000000083200000, 0x0000000083200000, 0x0000000083300000|  0%| F|  |TS  0|AC  0|TAMS 0x0000000083200000, 0x0000000083200000|
|  15|0x0000000083300000, 0x0000000083300000, 0x0000000083400000|  0%| F|  |TS  0|AC  0|TAMS 0x0000000083300000, 0x0000000083300000|
|  16|0x0000000083400000, 0x0000000083400000, 0x0000000083500000|  0%| F|  |TS  0|AC  0|TAMS 0x0000000083400000, 0x0000000083400000|
|  17|0x0000000083500000, 0x0000000083500000, 0x0000000083600000|  0%| F|  |TS  0|AC  0|TAMS 0x0000000083500000, 0x0000000083500000|
|  18|0x0000000083600000, 0x0000000083600000, 0x0000000083700000|  0%| F|  |TS  0|AC  0|TAMS 0x0000000083600000, 0x0000000083600000|
|  19|0x0000000083700000, 0x0000000083700000, 0x0000000083800000|  0%| F|  |TS  0|AC  0|TAMS 0x0000000083700000, 0x0000000083700000|
|  20|0x0000000083800000, 0x0000000083800000, 0x0000000083900000|  0%| F|  |TS  0|AC  0|TAMS 0x0000000083800000, 0x0000000083800000|
|  21|0x0000000083900000, 0x0000000083900000, 0x0000000083a00000|  0%| F|  |TS  0|AC  0|TAMS 0x0000000083900000, 0x0000000083900000|
|  22|0x0000000083a00000, 0x0000000083a00000, 0x0000000083b00000|  0%| F|  |TS  0|AC  0|TAMS 0x0000000083a00000, 0x0000000083a00000|
|  23|0x0000000083b00000, 0x0000000083b00000, 0x0000000083c00000|  0%| F|  |TS  0|AC  0|TAMS 0x0000000083b00000, 0x0000000083b00000|
|  24|0x0000000083c00000, 0x0000000083c00000, 0x0000000083d00000|  0%| F|  |TS  0|AC  0|TAMS 0x0000000083c00000, 0x0000000083c00000|
|  25|0x0000000083d00000, 0x0000000083d00000, 0x0000000083e00000|  0%| F|  |TS  0|AC  0|TAMS 0x0000000083d00000, 0x0000000083d00000|
|  26|0x0000000083e00000, 0x0000000083e00000, 0x0000000083f00000|  0%| F|  |TS  0|AC  0|TAMS 0x0000000083e00000, 0x0000000083e00000|
|  27|0x0000000083f00000, 0x0000000083f00000, 0x0000000084000000|  0%| F|  |TS  0|AC  0|TAMS 0x0000000083f00000, 0x0000000083f00000|
|  28|0x0000000084000000, 0x0000000084000000, 0x0000000084100000|  0%| F|  |TS  0|AC  0|TAMS 0x0000000084000000, 0x0000000084000000|
|  29|0x0000000084100000, 0x0000000084100000, 0x0000000084200000|  0%| F|  |TS  0|AC  0|TAMS 0x0000000084100000, 0x0000000084100000|
|  30|0x0000000084200000, 0x0000000084200000, 0x0000000084300000|  0%| F|  |TS  0|AC  0|TAMS 0x0000000084200000, 0x0000000084200000|
|  31|0x0000000084300000, 0x0000000084300000, 0x0000000084400000|  0%| F|  |TS  0|AC  0|TAMS 0x0000000084300000, 0x0000000084300000|
|  32|0x0000000084400000, 0x0000000084400000, 0x0000000084500000|  0%| F|  |TS  0|AC  0|TAMS 0x0000000084400000, 0x0000000084400000|
|  33|0x0000000084500000, 0x0000000084500000, 0x0000000084600000|  0%| F|  |TS  0|AC  0|TAMS 0x0000000084500000, 0x0000000084500000|
|  34|0x0000000084600000, 0x0000000084600000, 0x0000000084700000|  0%| F|  |TS  0|AC  0|TAMS 0x0000000084600000, 0x0000000084600000|
|  35|0x0000000084700000, 0x0000000084700000, 0x0000000084800000|  0%| F|  |TS  0|AC  0|TAMS 0x0000000084700000, 0x0000000084700000|
|  36|0x0000000084800000, 0x0000000084800000, 0x0000000084900000|  0%| F|  |TS  0|AC  0|TAMS 0x0000000084800000, 0x0000000084800000|
|  37|0x0000000084900000, 0x0000000084900000, 0x0000000084a00000|  0%| F|  |TS  0|AC  0|TAMS 0x0000000084900000, 0x0000000084900000|
|  38|0x0000000084a00000, 0x0000000084a00000, 0x0000000084b00000|  0%| F|  |TS  0|AC  0|TAMS 0x0000000084a00000, 0x0000000084a00000|
|  39|0x0000000084b00000, 0x0000000084b00000, 0x0000000084c00000|  0%| F|  |TS  0|AC  0|TAMS 0x0000000084b00000, 0x0000000084b00000|
|  40|0x0000000084c00000, 0x0000000084c00000, 0x0000000084d00000|  0%| F|  |TS  0|AC  0|TAMS 0x0000000084c00000, 0x0000000084c00000|
|  41|0x0000000084d00000, 0x0000000084d00000, 0x0000000084e00000|  0%| F|  |TS  0|AC  0|TAMS 0x0000000084d00000, 0x0000000084d00000|
|  42|0x0000000084e00000, 0x0000000084e00000, 0x0000000084f00000|  0%| F|  |TS  0|AC  0|TAMS 0x0000000084e00000, 0x0000000084e00000|
|  43|0x0000000084f00000, 0x0000000084f00000, 0x0000000085000000|  0%| F|  |TS  0|AC  0|TAMS 0x0000000084f00000, 0x0000000084f00000|
|  44|0x0000000085000000, 0x0000000085000000, 0x0000000085100000|  0%| F|  |TS  0|AC  0|TAMS 0x0000000085000000, 0x0000000085000000|
|  45|0x0000000085100000, 0x0000000085100000, 0x0000000085200000|  0%| F|  |TS  0|AC  0|TAMS 0x0000000085100000, 0x0000000085100000|
|  46|0x0000000085200000, 0x0000000085200000, 0x0000000085300000|  0%| F|  |TS  0|AC  0|TAMS 0x0000000085200000, 0x0000000085200000|
|  47|0x0000000085300000, 0x0000000085300000, 0x0000000085400000|  0%| F|  |TS  0|AC  0|TAMS 0x0000000085300000, 0x0000000085300000|
|  48|0x0000000085400000, 0x0000000085400000, 0x0000000085500000|  0%| F|  |TS  0|AC  0|TAMS 0x0000000085400000, 0x0000000085400000|
|  49|0x0000000085500000, 0x0000000085500000, 0x0000000085600000|  0%| F|  |TS  0|AC  0|TAMS 0x0000000085500000, 0x0000000085500000|
|  50|0x0000000085600000, 0x0000000085600000, 0x0000000085700000|  0%| F|  |TS  0|AC  0|TAMS 0x0000000085600000, 0x0000000085600000|
|  51|0x0000000085700000, 0x0000000085700000, 0x0000000085800000|  0%| F|  |TS  0|AC  0|TAMS 0x0000000085700000, 0x0000000085700000|
|  52|0x0000000085800000, 0x0000000085800000, 0x0000000085900000|  0%| F|  |TS  0|AC  0|TAMS 0x0000000085800000, 0x0000000085800000|
|  53|0x0000000085900000, 0x0000000085900000, 0x0000000085a00000|  0%| F|  |TS  0|AC  0|TAMS 0x0000000085900000, 0x0000000085900000|
|  54|0x0000000085a00000, 0x0000000085a00000, 0x0000000085b00000|  0%| F|  |TS  0|AC  0|TAMS 0x0000000085a00000, 0x0000000085a00000|
|  55|0x0000000085b00000, 0x0000000085b00000, 0x0000000085c00000|  0%| F|  |TS  0|AC  0|TAMS 0x0000000085b00000, 0x0000000085b00000|
|  56|0x0000000085c00000, 0x0000000085c00000, 0x0000000085d00000|  0%| F|  |TS  0|AC  0|TAMS 0x0000000085c00000, 0x0000000085c00000|
|  57|0x0000000085d00000, 0x0000000085d00000, 0x0000000085e00000|  0%| F|  |TS  0|AC  0|TAMS 0x0000000085d00000, 0x0000000085d00000|
|  58|0x0000000085e00000, 0x0000000085e00000, 0x0000000085f00000|  0%| F|  |TS  0|AC  0|TAMS 0x0000000085e00000, 0x0000000085e00000|
|  59|0x0000000085f00000, 0x0000000085f00000, 0x0000000086000000|  0%| F|  |TS  0|AC  0|TAMS 0x0000000085f00000, 0x0000000085f00000|
|  60|0x0000000086000000, 0x0000000086000000, 0x0000000086100000|  0%| F|  |TS  0|AC  0|TAMS 0x0000000086000000, 0x0000000086000000|
|  61|0x0000000086100000, 0x0000000086100000, 0x0000000086200000|  0%| F|  |TS  0|AC  0|TAMS 0x0000000086100000, 0x0000000086100000|
|  62|0x0000000086200000, 0x0000000086200000, 0x0000000086300000|  0%| F|  |TS  0|AC  0|TAMS 0x0000000086200000, 0x0000000086200000|
|  63|0x0000000086300000, 0x0000000086300000, 0x0000000086400000|  0%| F|  |TS  0|AC  0|TAMS 0x0000000086300000, 0x0000000086300000|
|  64|0x0000000086400000, 0x0000000086400000, 0x0000000086500000|  0%| F|  |TS  0|AC  0|TAMS 0x0000000086400000, 0x0000000086400000|
|  65|0x0000000086500000, 0x0000000086500000, 0x0000000086600000|  0%| F|  |TS  0|AC  0|TAMS 0x0000000086500000, 0x0000000086500000|
|  66|0x0000000086600000, 0x0000000086600000, 0x0000000086700000|  0%| F|  |TS  0|AC  0|TAMS 0x0000000086600000, 0x0000000086600000|
|  67|0x0000000086700000, 0x0000000086700000, 0x0000000086800000|  0%| F|  |TS  0|AC  0|TAMS 0x0000000086700000, 0x0000000086700000|
|  68|0x0000000086800000, 0x0000000086800000, 0x0000000086900000|  0%| F|  |TS  0|AC  0|TAMS 0x0000000086800000, 0x0000000086800000|
|  69|0x0000000086900000, 0x0000000086900000, 0x0000000086a00000|  0%| F|  |TS  0|AC  0|TAMS 0x0000000086900000, 0x0000000086900000|
|  70|0x0000000086a00000, 0x0000000086a00000, 0x0000000086b00000|  0%| F|  |TS  0|AC  0|TAMS 0x0000000086a00000, 0x0000000086a00000|
|  71|0x0000000086b00000, 0x0000000086b00000, 0x0000000086c00000|  0%| F|  |TS  0|AC  0|TAMS 0x0000000086b00000, 0x0000000086b00000|
|  72|0x0000000086c00000, 0x0000000086c00000, 0x0000000086d00000|  0%| F|  |TS  0|AC  0|TAMS 0x0000000086c00000, 0x0000000086c00000|
|  73|0x0000000086d00000, 0x0000000086d00000, 0x0000000086e00000|  0%| F|  |TS  0|AC  0|TAMS 0x0000000086d00000, 0x0000000086d00000|
|  74|0x0000000086e00000, 0x0000000086e00000, 0x0000000086f00000|  0%| F|  |TS  0|AC  0|TAMS 0x0000000086e00000, 0x0000000086e00000|
|  75|0x0000000086f00000, 0x0000000086f00000, 0x0000000087000000|  0%| F|  |TS  0|AC  0|TAMS 0x0000000086f00000, 0x0000000086f00000|
|  76|0x0000000087000000, 0x0000000087000000, 0x0000000087100000|  0%| F|  |TS  0|AC  0|TAMS 0x0000000087000000, 0x0000000087000000|
|  77|0x0000000087100000, 0x0000000087100000, 0x0000000087200000|  0%| F|  |TS  0|AC  0|TAMS 0x0000000087100000, 0x0000000087100000|
|  78|0x0000000087200000, 0x0000000087200000, 0x0000000087300000|  0%| F|  |TS  0|AC  0|TAMS 0x0000000087200000, 0x0000000087200000|
|  79|0x0000000087300000, 0x0000000087300000, 0x0000000087400000|  0%| F|  |TS  0|AC  0|TAMS 0x0000000087300000, 0x0000000087300000|
|  80|0x0000000087400000, 0x0000000087400000, 0x0000000087500000|  0%| F|  |TS  0|AC  0|TAMS 0x0000000087400000, 0x0000000087400000|
|  81|0x0000000087500000, 0x0000000087500000, 0x0000000087600000|  0%| F|  |TS  0|AC  0|TAMS 0x0000000087500000, 0x0000000087500000|
|  82|0x0000000087600000, 0x0000000087600000, 0x0000000087700000|  0%| F|  |TS  0|AC  0|TAMS 0x0000000087600000, 0x0000000087600000|
|  83|0x0000000087700000, 0x0000000087700000, 0x0000000087800000|  0%| F|  |TS  0|AC  0|TAMS 0x0000000087700000, 0x0000000087700000|
|  84|0x0000000087800000, 0x0000000087800000, 0x0000000087900000|  0%| F|  |TS  0|AC  0|TAMS 0x0000000087800000, 0x0000000087800000|
|  85|0x0000000087900000, 0x0000000087900000, 0x0000000087a00000|  0%| F|  |TS  0|AC  0|TAMS 0x0000000087900000, 0x0000000087900000|
|  86|0x0000000087a00000, 0x0000000087a00000, 0x0000000087b00000|  0%| F|  |TS  0|AC  0|TAMS 0x0000000087a00000, 0x0000000087a00000|
|  87|0x0000000087b00000, 0x0000000087b00000, 0x0000000087c00000|  0%| F|  |TS  0|AC  0|TAMS 0x0000000087b00000, 0x0000000087b00000|
|  88|0x0000000087c00000, 0x0000000087c00000, 0x0000000087d00000|  0%| F|  |TS  0|AC  0|TAMS 0x0000000087c00000, 0x0000000087c00000|
|  89|0x0000000087d00000, 0x0000000087d00000, 0x0000000087e00000|  0%| F|  |TS  0|AC  0|TAMS 0x0000000087d00000, 0x0000000087d00000|
|  90|0x0000000087e00000, 0x0000000087e00000, 0x0000000087f00000|  0%| F|  |TS  0|AC  0|TAMS 0x0000000087e00000, 0x0000000087e00000|
|  91|0x0000000087f00000, 0x0000000087f00000, 0x0000000088000000|  0%| F|  |TS  0|AC  0|TAMS 0x0000000087f00000, 0x0000000087f00000|
|  92|0x0000000088000000, 0x0000000088000000, 0x0000000088100000|  0%| F|  |TS  0|AC  0|TAMS 0x0000000088000000, 0x0000000088000000|
|  93|0x0000000088100000, 0x0000000088100000, 0x0000000088200000|  0%| F|  |TS  0|AC  0|TAMS 0x0000000088100000, 0x0000000088100000|
|  94|0x0000000088200000, 0x0000000088200000, 0x0000000088300000|  0%| F|  |TS  0|AC  0|TAMS 0x0000000088200000, 0x0000000088200000|
|  95|0x0000000088300000, 0x0000000088300000, 0x0000000088400000|  0%| F|  |TS  0|AC  0|TAMS 0x0000000088300000, 0x0000000088300000|
|  96|0x0000000088400000, 0x0000000088400000, 0x0000000088500000|  0%| F|  |TS  0|AC  0|TAMS 0x0000000088400000, 0x0000000088400000|
|  97|0x0000000088500000, 0x0000000088500000, 0x0000000088600000|  0%| F|  |TS  0|AC  0|TAMS 0x0000000088500000, 0x0000000088500000|
|  98|0x0000000088600000, 0x0000000088600000, 0x0000000088700000|  0%| F|  |TS  0|AC  0|TAMS 0x0000000088600000, 0x0000000088600000|
|  99|0x0000000088700000, 0x0000000088700000, 0x0000000088800000|  0%| F|  |TS  0|AC  0|TAMS 0x0000000088700000, 0x0000000088700000|
| 100|0x0000000088800000, 0x0000000088800000, 0x0000000088900000|  0%| F|  |TS  0|AC  0|TAMS 0x0000000088800000, 0x0000000088800000|
| 101|0x0000000088900000, 0x0000000088900000, 0x0000000088a00000|  0%| F|  |TS  0|AC  0|TAMS 0x0000000088900000, 0x0000000088900000|
| 102|0x0000000088a00000, 0x0000000088a00000, 0x0000000088b00000|  0%| F|  |TS  0|AC  0|TAMS 0x0000000088a00000, 0x0000000088a00000|
| 103|0x0000000088b00000, 0x0000000088b00000, 0x0000000088c00000|  0%| F|  |TS  0|AC  0|TAMS 0x0000000088b00000, 0x0000000088b00000|
| 104|0x0000000088c00000, 0x0000000088c00000, 0x0000000088d00000|  0%| F|  |TS  0|AC  0|TAMS 0x0000000088c00000, 0x0000000088c00000|
| 105|0x0000000088d00000, 0x0000000088d00000, 0x0000000088e00000|  0%| F|  |TS  0|AC  0|TAMS 0x0000000088d00000, 0x0000000088d00000|
| 106|0x0000000088e00000, 0x0000000088e00000, 0x0000000088f00000|  0%| F|  |TS  0|AC  0|TAMS 0x0000000088e00000, 0x0000000088e00000|
| 107|0x0000000088f00000, 0x0000000088f00000, 0x0000000089000000|  0%| F|  |TS  0|AC  0|TAMS 0x0000000088f00000, 0x0000000088f00000|
| 108|0x0000000089000000, 0x0000000089000000, 0x0000000089100000|  0%| F|  |TS  0|AC  0|TAMS 0x0000000089000000, 0x0000000089000000|
| 109|0x0000000089100000, 0x0000000089100000, 0x0000000089200000|  0%| F|  |TS  0|AC  0|TAMS 0x0000000089100000, 0x0000000089100000|
| 110|0x0000000089200000, 0x0000000089300000, 0x0000000089300000|100%| S|  |TS  1|AC  0|TAMS 0x0000000089200000, 0x0000000089200000|
| 111|0x0000000089300000, 0x0000000089400000, 0x0000000089400000|100%| S|  |TS  1|AC  0|TAMS 0x0000000089300000, 0x0000000089300000|
| 112|0x0000000089400000, 0x0000000089500000, 0x0000000089500000|100%| E|CS|TS  0|AC  0|TAMS 0x0000000089400000, 0x0000000089400000|
| 113|0x0000000089500000, 0x0000000089600000, 0x0000000089600000|100%| E|CS|TS  0|AC  0|TAMS 0x0000000089500000, 0x0000000089500000|
| 114|0x0000000089600000, 0x0000000089700000, 0x0000000089700000|100%| E|CS|TS  0|AC  0|TAMS 0x0000000089600000, 0x0000000089600000|
| 115|0x0000000089700000, 0x0000000089800000, 0x0000000089800000|100%| E|CS|TS  0|AC  0|TAMS 0x0000000089700000, 0x0000000089700000|
| 116|0x0000000089800000, 0x0000000089900000, 0x0000000089900000|100%| E|CS|TS  0|AC  0|TAMS 0x0000000089800000, 0x0000000089800000|
| 117|0x0000000089900000, 0x0000000089a00000, 0x0000000089a00000|100%| E|CS|TS  0|AC  0|TAMS 0x0000000089900000, 0x0000000089900000|
| 118|0x0000000089a00000, 0x0000000089b00000, 0x0000000089b00000|100%| E|CS|TS  0|AC  0|TAMS 0x0000000089a00000, 0x0000000089a00000|
| 119|0x0000000089b00000, 0x0000000089c00000, 0x0000000089c00000|100%| E|CS|TS  0|AC  0|TAMS 0x0000000089b00000, 0x0000000089b00000|
| 120|0x0000000089c00000, 0x0000000089d00000, 0x0000000089d00000|100%| E|CS|TS  0|AC  0|TAMS 0x0000000089c00000, 0x0000000089c00000|
| 121|0x0000000089d00000, 0x0000000089e00000, 0x0000000089e00000|100%| E|CS|TS  0|AC  0|TAMS 0x0000000089d00000, 0x0000000089d00000|
| 122|0x0000000089e00000, 0x0000000089f00000, 0x0000000089f00000|100%| E|CS|TS  0|AC  0|TAMS 0x0000000089e00000, 0x0000000089e00000|
| 123|0x0000000089f00000, 0x000000008a000000, 0x000000008a000000|100%| E|CS|TS  0|AC  0|TAMS 0x0000000089f00000, 0x0000000089f00000|
| 124|0x000000008a000000, 0x000000008a100000, 0x000000008a100000|100%| E|CS|TS  0|AC  0|TAMS 0x000000008a000000, 0x000000008a000000|
| 125|0x000000008a100000, 0x000000008a200000, 0x000000008a200000|100%| E|CS|TS  0|AC  0|TAMS 0x000000008a100000, 0x000000008a100000|

Card table byte_map: [0x000001d8fd020000,0x000001d8fd410000] byte_map_base: 0x000001d8fcc0e000

Marking Bits (Prev, Next): (CMBitMap*) 0x000001d8f5513340, (CMBitMap*) 0x000001d8f5513378
 Prev Bits: [0x000001d8fd800000, 0x000001d8ff770000)
 Next Bits: [0x000001d88f000000, 0x000001d890f70000)

Polling page: 0x000001d8f1130000

CodeHeap 'non-profiled nmethods': size=120064Kb used=405Kb max_used=412Kb free=119658Kb
 bounds [0x000001d887ac0000, 0x000001d887d30000, 0x000001d88f000000]
CodeHeap 'profiled nmethods': size=120000Kb used=2016Kb max_used=2261Kb free=117983Kb
 bounds [0x000001d880590000, 0x000001d880800000, 0x000001d887ac0000]
CodeHeap 'non-nmethods': size=5696Kb used=1188Kb max_used=1201Kb free=4507Kb
 bounds [0x000001d880000000, 0x000001d880270000, 0x000001d880590000]
 total_blobs=1784 nmethods=1033 adapters=334
 compilation: enabled

Compilation events (10 events):
Event: 1275.884 Thread 0x000001d8937a0800 1132   !   3       com.mysql.cj.jdbc.AbandonedConnectionCleanupThread::checkContextClassLoaders (20 bytes)
Event: 1275.887 Thread 0x000001d8937a0800 nmethod 1132 0x000001d8807c3590 code [0x000001d8807c3820, 0x000001d8807c45e0]
Event: 1375.908 Thread 0x000001d8937a0800 1133   !   3       jdk.internal.loader.URLClassPath::check (125 bytes)
Event: 1375.908 Thread 0x000001d8937a0800 nmethod 1133 0x000001d8807c4b90 code [0x000001d8807c4e40, 0x000001d8807c5d90]
Event: 3151.279 Thread 0x000001d8ffc8b800 1134       4       java.lang.AbstractStringBuilder::<init> (39 bytes)
Event: 3151.281 Thread 0x000001d8ffc8b800 nmethod 1134 0x000001d887ac4990 code [0x000001d887ac4b20, 0x000001d887ac4d38]
Event: 3426.357 Thread 0x000001d8ffc84800 1135       4       sun.net.www.ParseUtil::firstEncodeIndex (98 bytes)
Event: 3426.362 Thread 0x000001d8ffc84800 nmethod 1135 0x000001d887ada090 code [0x000001d887ada260, 0x000001d887ada518]
Event: 4061.544 Thread 0x000001d8ffc8b800 1136       4       java.lang.String::replace (42 bytes)
Event: 4061.567 Thread 0x000001d8ffc8b800 nmethod 1136 0x000001d887af5e10 code [0x000001d887af5fc0, 0x000001d887af6678]

GC Heap History (1 events):
Event: 6687.256 GC heap before
{Heap before GC invocations=0 (full 0):
 garbage-first heap   total 129024K, used 14336K [0x0000000082400000, 0x0000000100000000)
  region size 1024K, 14 young (14336K), 0 survivors (0K)
 Metaspace       used 13414K, capacity 13694K, committed 13824K, reserved 1062912K
  class space    used 1170K, capacity 1276K, committed 1280K, reserved 1048576K
}

Deoptimization events (5 events):
Event: 0.275 Thread 0x000001d8f547f000 Uncommon trap: reason=unstable_if action=reinterpret pc=0x000001d887ac4d08 method=java.lang.String.hashCode()I @ 14 c2
Event: 0.403 Thread 0x000001d8f547f000 Uncommon trap: reason=range_check action=reinterpret pc=0x000001d887ad15d4 method=java.lang.StringLatin1.indexOf([BII)I @ 13 c2
Event: 0.419 Thread 0x000001d8f547f000 Uncommon trap: reason=unstable_if action=reinterpret pc=0x000001d887ada408 method=java.lang.StringLatin1.replace([BCC)Ljava/lang/String; @ 19 c2
Event: 0.456 Thread 0x000001d8f547f000 Uncommon trap: reason=unstable_if action=reinterpret pc=0x000001d887add8c0 method=com.sun.org.apache.xerces.internal.impl.XMLEntityScanner.checkBeforeLoad(Lcom/sun/xml/internal/stream/Entity$ScannedEntity;II)I @ 18 c2
Event: 0.730 Thread 0x000001d8f547f000 Uncommon trap: reason=unstable_if action=reinterpret pc=0x000001d887af6158 method=java.lang.String.<init>([CIILjava/lang/Void;)V @ 5 c2

Classes redefined (10 events):
Event: 1013.639 Thread 0x000001d8ffc50800 redefined class name=triall.xml, count=4
Event: 1065.308 Thread 0x000001d8ffc50800 redefined class name=triall.xml, count=5
Event: 1222.264 Thread 0x000001d8ffc50800 redefined class name=triall.xml, count=6
Event: 1429.288 Thread 0x000001d8ffc50800 redefined class name=triall.xml, count=7
Event: 1483.319 Thread 0x000001d8ffc50800 redefined class name=triall.xml, count=8
Event: 1733.734 Thread 0x000001d8ffc50800 redefined class name=triall.xml, count=9
Event: 3360.627 Thread 0x000001d8ffc50800 redefined class name=triall.xml, count=10
Event: 5105.546 Thread 0x000001d8ffc50800 redefined class name=triall.xml, count=11
Event: 5177.388 Thread 0x000001d8ffc50800 redefined class name=triall.xml, count=12
Event: 5293.927 Thread 0x000001d8ffc50800 redefined class name=triall.xml, count=13

Internal exceptions (10 events):
Event: 0.381 Thread 0x000001d8f547f000 Exception <a 'java/lang/NoSuchMethodError'{0x0000000089faa868}: method resolution failed> (0x0000000089faa868) thrown at [t:/workspace/open/src/hotspot/share/prims/methodHandles.cpp, line 1226]
Event: 0.383 Thread 0x000001d8f547f000 Exception <a 'java/lang/NoSuchMethodError'{0x0000000089fc2608}: method resolution failed> (0x0000000089fc2608) thrown at [t:/workspace/open/src/hotspot/share/prims/methodHandles.cpp, line 1226]
Event: 0.393 Thread 0x000001d8f547f000 Exception <a 'java/lang/NoSuchMethodError'{0x0000000089fdc988}: method resolution failed> (0x0000000089fdc988) thrown at [t:/workspace/open/src/hotspot/share/prims/methodHandles.cpp, line 1226]
Event: 0.559 Thread 0x000001d8f547f000 Exception <a 'java/lang/NoSuchMethodError'{0x0000000089c338c8}: java.lang.Object.lambda$union$2(Ljava/util/regex/Pattern$CharPredicate;I)Z> (0x0000000089c338c8) thrown at [t:/workspace/open/src/hotspot/share/interpreter/linkResolver.cpp, line 741]
Event: 0.561 Thread 0x000001d8f547f000 Exception <a 'java/lang/NoSuchMethodError'{0x0000000089c397d8}: java.lang.Object.lambda$negate$3(I)Z> (0x0000000089c397d8) thrown at [t:/workspace/open/src/hotspot/share/interpreter/linkResolver.cpp, line 741]
Event: 0.580 Thread 0x000001d8f547f000 Exception <a 'java/lang/NoSuchMethodError'{0x0000000089c9cdd0}: java.lang.invoke.DirectMethodHandle$Holder.invokeInterface(Ljava/lang/Object;Ljava/lang/Object;)Ljava/lang/Object;> (0x0000000089c9cdd0) thrown at [t:/workspace/open/src/hotspot/share/interpr
Event: 0.582 Thread 0x000001d8f547f000 Exception <a 'java/lang/NoSuchMethodError'{0x0000000089ca7be8}: method resolution failed> (0x0000000089ca7be8) thrown at [t:/workspace/open/src/hotspot/share/prims/methodHandles.cpp, line 1226]
Event: 0.616 Thread 0x000001d8f547f000 Exception <a 'java/lang/NoSuchMethodError'{0x0000000089b28190}: method resolution failed> (0x0000000089b28190) thrown at [t:/workspace/open/src/hotspot/share/prims/methodHandles.cpp, line 1226]
Event: 0.619 Thread 0x000001d8f547f000 Exception <a 'java/lang/NoSuchMethodError'{0x0000000089b2f1a0}: java.lang.invoke.DirectMethodHandle$Holder.invokeVirtual(Ljava/lang/Object;Ljava/lang/Object;Ljava/lang/Object;)Ljava/lang/Object;> (0x0000000089b2f1a0) thrown at [t:/workspace/open/src/hotsp
Event: 0.657 Thread 0x000001d8f547f000 Exception <a 'java/lang/NoSuchMethodError'{0x0000000089a16e50}: java.lang.invoke.DirectMethodHandle$Holder.invokeStatic(Ljava/lang/Object;Ljava/lang/Object;Ljava/lang/Object;)V> (0x0000000089a16e50) thrown at [t:/workspace/open/src/hotspot/share/interpret

Events (10 events):
Event: 5293.945 Executing VM operation: GetFrameCount done
Event: 5293.945 Executing VM operation: GetFrameLocation
Event: 5293.945 Executing VM operation: GetFrameLocation done
Event: 5294.062 Executing VM operation: GetFrameCount
Event: 5294.062 Executing VM operation: GetFrameCount done
Event: 5294.062 Executing VM operation: GetOwnedMonitorInfo
Event: 5294.062 Executing VM operation: GetOwnedMonitorInfo done
Event: 5294.062 Executing VM operation: GetCurrentContendedMonitor
Event: 5294.063 Executing VM operation: GetCurrentContendedMonitor done
Event: 6687.256 Executing VM operation: G1IncCollectionPause


Dynamic libraries:
0x00007ff7659b0000 - 0x00007ff7659ee000 	C:\Program Files\Java\jre-10.0.1\bin\javaw.exe
0x00007ff953a40000 - 0x00007ff953c20000 	C:\WINDOWS\SYSTEM32\ntdll.dll
0x00007ff951c30000 - 0x00007ff951cde000 	C:\WINDOWS\System32\KERNEL32.DLL
0x00007ff950190000 - 0x00007ff9503f6000 	C:\WINDOWS\System32\KERNELBASE.dll
0x00007ff951a70000 - 0x00007ff951b11000 	C:\WINDOWS\System32\ADVAPI32.dll
0x00007ff9522b0000 - 0x00007ff95234d000 	C:\WINDOWS\System32\msvcrt.dll
0x00007ff952350000 - 0x00007ff9523ab000 	C:\WINDOWS\System32\sechost.dll
0x00007ff951930000 - 0x00007ff951a4f000 	C:\WINDOWS\System32\RPCRT4.dll
0x00007ff951f10000 - 0x00007ff95209f000 	C:\WINDOWS\System32\USER32.dll
0x00007ff950c50000 - 0x00007ff950c70000 	C:\WINDOWS\System32\win32u.dll
0x00007ff951c00000 - 0x00007ff951c28000 	C:\WINDOWS\System32\GDI32.dll
0x00007ff950d70000 - 0x00007ff950f03000 	C:\WINDOWS\System32\gdi32full.dll
0x00007ff9500f0000 - 0x00007ff95018b000 	C:\WINDOWS\System32\msvcp_win.dll
0x00007ff950c70000 - 0x00007ff950d66000 	C:\WINDOWS\System32\ucrtbase.dll
0x00007ff941070000 - 0x00007ff9412d9000 	C:\WINDOWS\WinSxS\amd64_microsoft.windows.common-controls_6595b64144ccf1df_6.0.16299.371_none_15c7d1789365a290\COMCTL32.dll
0x00007ff94e7d0000 - 0x00007ff94e7da000 	C:\WINDOWS\SYSTEM32\VERSION.dll
0x00007ff951620000 - 0x00007ff951928000 	C:\WINDOWS\System32\combase.dll
0x00007ff950070000 - 0x00007ff9500e2000 	C:\WINDOWS\System32\bcryptPrimitives.dll
0x00007ff951cf0000 - 0x00007ff951d1d000 	C:\WINDOWS\System32\IMM32.DLL
0x00007ff90b6e0000 - 0x00007ff90b7cf000 	C:\Program Files\Java\jre-10.0.1\bin\msvcr120.dll
0x00007ff90c0f0000 - 0x00007ff90c196000 	C:\Program Files\Java\jre-10.0.1\bin\msvcp120.dll
0x000000005b830000 - 0x000000005c2a0000 	C:\Program Files\Java\jre-10.0.1\bin\server\jvm.dll
0x00007ff951ce0000 - 0x00007ff951ce8000 	C:\WINDOWS\System32\PSAPI.DLL
0x00007ff936e60000 - 0x00007ff936e69000 	C:\WINDOWS\SYSTEM32\WSOCK32.dll
0x00007ff94d420000 - 0x00007ff94d443000 	C:\WINDOWS\SYSTEM32\WINMM.dll
0x00007ff951ea0000 - 0x00007ff951f0c000 	C:\WINDOWS\System32\WS2_32.dll
0x00007ff94d3f0000 - 0x00007ff94d41a000 	C:\WINDOWS\SYSTEM32\winmmbase.dll
0x00007ff950400000 - 0x00007ff95044a000 	C:\WINDOWS\System32\cfgmgr32.dll
0x00007ff940fb0000 - 0x00007ff940fbf000 	C:\Program Files\Java\jre-10.0.1\bin\verify.dll
0x00007ff94d6a0000 - 0x00007ff94d868000 	C:\WINDOWS\SYSTEM32\DBGHELP.DLL
0x00007ff93af70000 - 0x00007ff93af99000 	C:\WINDOWS\SYSTEM32\dbgcore.DLL
0x00007ff93cd90000 - 0x00007ff93cdb7000 	C:\Program Files\Java\jre-10.0.1\bin\java.dll
0x00007ff9405b0000 - 0x00007ff9405e6000 	C:\Program Files\Java\jre-10.0.1\bin\jdwp.dll
0x00007ff93e5b0000 - 0x00007ff93e5c6000 	C:\Program Files\Java\jre-10.0.1\bin\zip.dll
0x00007ff940f10000 - 0x00007ff940f1a000 	C:\Program Files\Java\jre-10.0.1\bin\jimage.dll
0x00007ff952500000 - 0x00007ff953936000 	C:\WINDOWS\System32\SHELL32.dll
0x00007ff9523b0000 - 0x00007ff952456000 	C:\WINDOWS\System32\shcore.dll
0x00007ff950500000 - 0x00007ff950c47000 	C:\WINDOWS\System32\windows.storage.dll
0x00007ff9515c0000 - 0x00007ff951611000 	C:\WINDOWS\System32\shlwapi.dll
0x00007ff94fd90000 - 0x00007ff94fda1000 	C:\WINDOWS\System32\kernel.appcore.dll
0x00007ff94fdd0000 - 0x00007ff94fe1c000 	C:\WINDOWS\System32\powrprof.dll
0x00007ff94fe20000 - 0x00007ff94fe3b000 	C:\WINDOWS\System32\profapi.dll
0x00007ff9464c0000 - 0x00007ff9464ca000 	C:\Program Files\Java\jre-10.0.1\bin\dt_socket.dll
0x00007ff94f620000 - 0x00007ff94f686000 	C:\WINDOWS\System32\mswsock.dll
0x00007ff94f3f0000 - 0x00007ff94f4a6000 	C:\WINDOWS\SYSTEM32\DNSAPI.dll
0x00007ff952240000 - 0x00007ff952248000 	C:\WINDOWS\System32\NSI.dll
0x00007ff94f3b0000 - 0x00007ff94f3e9000 	C:\WINDOWS\SYSTEM32\IPHLPAPI.DLL
0x00007ff943220000 - 0x00007ff943290000 	C:\WINDOWS\System32\fwpuclnt.dll
0x00007ff94f8f0000 - 0x00007ff94f915000 	C:\WINDOWS\SYSTEM32\bcrypt.dll
0x00007ff943680000 - 0x00007ff94368a000 	C:\Windows\System32\rasadhlp.dll
0x00007ff93e4c0000 - 0x00007ff93e4da000 	C:\Program Files\Java\jre-10.0.1\bin\net.dll
0x00007ff94e9a0000 - 0x00007ff94ea7e000 	C:\WINDOWS\SYSTEM32\WINHTTP.dll
0x00007ff93cfe0000 - 0x00007ff93cff1000 	C:\Program Files\Java\jre-10.0.1\bin\nio.dll

dbghelp: loaded successfully - version: 4.0.5 - missing functions: none
symbol engine: initialized successfully - sym options: 0x614 - pdb path: .;C:\Program Files\Java\jre-10.0.1\bin;C:\WINDOWS\SYSTEM32;C:\WINDOWS\WinSxS\amd64_microsoft.windows.common-controls_6595b64144ccf1df_6.0.16299.371_none_15c7d1789365a290;C:\Program Files\Java\jre-10.0.1\bin\server

VM Arguments:
jvm_args: -agentlib:jdwp=transport=dt_socket,suspend=y,address=localhost:57444 -Dfile.encoding=Cp1252 
java_command: triall.xml
java_class_path (initial): C:\Users\Krsanju2\Desktop\trial\sanjuandsudha\triall\bin;C:\java first assignment\sanjuandsudha\bin\sanjuandsudha\mysql-connector-java-8.0.11.jar
Launcher Type: SUN_STANDARD

Logging:
Log output configuration:
#0: stdout all=warning uptime,level,tags
#1: stderr all=off uptime,level,tags

Environment Variables:
PATH=C:/Program Files/Java/jre-10.0.1/bin/server;C:/Program Files/Java/jre-10.0.1/bin;C:\Program Files (x86)\Common Files\Oracle\Java\javapath;C:\TwinCAT\Common64;C:\TwinCAT\Common32;C:\Program Files\Microsoft MPI\Bin\;C:\Program Files (x86)\Intel\iCLS Client\;C:\Program Files\Intel\iCLS Client\;C:\WINDOWS\system32;C:\WINDOWS;C:\WINDOWS\System32\Wbem;C:\WINDOWS\System32\WindowsPowerShell\v1.0\;C:\Program Files\Intel\WiFi\bin\;C:\Program Files\Common Files\Intel\WirelessCommon\;C:\Program Files (x86)\Intel\Intel(R) Management Engine Components\DAL;C:\Program Files\Intel\Intel(R) Management Engine Components\DAL;C:\Program Files (x86)\Intel\Intel(R) Management Engine Components\IPT;C:\Program Files\Intel\Intel(R) Management Engine Components\IPT;C:\Program Files\dotnet\;C:\Program Files\Microsoft SQL Server\130\Tools\Binn\;C:\Program Files\PuTTY\;C:\Program Files\Microsoft SQL Server\Client SDK\ODBC\130\Tools\Binn\;C:\Program Files (x86)\Microsoft SQL Server\140\Tools\Binn\;C:\Program Files\Microsoft SQL Server\140\Tools\Binn\;C:\Program Files\Microsoft SQL Server\140\DTS\Binn\;C:\Program Files (x86)\Microsoft SQL Server\Client SDK\ODBC\130\Tools\Binn\;C:\Program Files (x86)\Microsoft SQL Server\140\DTS\Binn\;C:\Program Files (x86)\Microsoft SQL Server\140\Tools\Binn\ManagementStudio\;C:\Program Files\Java\jdk-10.0.1\bin;C:\WINDOWS\system32;
USERNAME=Krsanju2
OS=Windows_NT
PROCESSOR_IDENTIFIER=Intel64 Family 6 Model 142 Stepping 9, GenuineIntel



---------------  S Y S T E M  ---------------

OS: Windows 10 , 64 bit Build 16299 (10.0.16299.15)

CPU:total 4 (initial active 4) (2 cores per cpu, 2 threads per core) family 6 model 142 stepping 9, cmov, cx8, fxsr, mmx, sse, sse2, sse3, ssse3, sse4.1, sse4.2, popcnt, avx, avx2, aes, clmul, erms, 3dnowpref, lzcnt, ht, tsc, tscinvbit, bmi1, bmi2, adx, fma

Memory: 4k page, physical 8239736k(1233220k free), swap 17461656k(2909960k free)

vm_info: Java HotSpot(TM) 64-Bit Server VM (10.0.1+10) for windows-amd64 JRE (10.0.1+10), built on Mar 27 2018 02:27:48 by "mach5one" with MS VC++ 12.0 (VS2013)

END.
